INFO:root:Add MinMaxScaler:
INFO:root:2023-08-15 22:39:29.650234 MAPE (train): 0.10507129536920051
INFO:root:2023-08-15 22:39:29.650234 MAPE (test): 0.10407590921378497
INFO:root:Add PowerTransform:
INFO:root:2023-08-15 22:40:05.316642 MAPE (train): 0.08742205589840667
INFO:root:2023-08-15 22:40:05.316642 MAPE (test): 0.08672863196556743
INFO:root:Drop Super Power and Magic columns (using RFE):
INFO:root:2023-08-15 23:51:33.183165 MAPE (train): 0.08742232259415585
INFO:root:2023-08-15 23:51:33.183165 MAPE (test): 0.08673794562046254
INFO:root:Drop Super Power and Magic and etc. columns (using RFE):
INFO:root:2023-08-15 23:53:02.760381 MAPE (train): 0.08741398564449075
INFO:root:2023-08-15 23:53:02.760381 MAPE (test): 0.08674666204927124
INFO:root:Add Polinomial features:
INFO:root:2023-08-16 12:30:49.059524 MAPE (train): 0.07317904758431486
INFO:root:2023-08-16 12:30:49.059524 MAPE (test): 2094832.2778913404
INFO:root:Changing the model to Lasso:
INFO:root:2023-08-16 12:34:34.375347 MAPE (train): 0.12043597105257417
INFO:root:2023-08-16 12:34:34.375347 MAPE (test): 0.11877004108452018
INFO:root:Changing alpha in Lasso:
INFO:root:2023-08-16 12:35:30.737195 MAPE (train): 0.13631877399806006
INFO:root:2023-08-16 12:35:30.737195 MAPE (test): 0.1339057442870655
INFO:root:Changing alpha in Lasso:
INFO:root:2023-08-16 12:37:34.031019 MAPE (train): 0.10408206508490953
INFO:root:2023-08-16 12:37:34.031019 MAPE (test): 0.10324422751991866
INFO:root:Reset Polinomial features
INFO:root:2023-08-16 12:39:43.035896 MAPE (train): 0.08742229692951899
INFO:root:2023-08-16 12:39:43.035896 MAPE (test): 0.08673660968077111
INFO:root:Reset MinMaxScaler
INFO:root:2023-08-16 12:44:20.443721 MAPE (train): 0.08742171290688074
INFO:root:2023-08-16 12:44:20.443721 MAPE (test): 0.08673933697657667
INFO:root:Add Principal Component Analysis (PCA)
INFO:root:2023-08-16 19:00:14.222879 MAPE (train): 0.09728293914605997
INFO:root:2023-08-16 19:00:14.222879 MAPE (test): 0.09725031743731262
INFO:root:Changing components for PCA
INFO:root:2023-08-16 19:01:42.347782 MAPE (train): 0.09632232214083954
INFO:root:2023-08-16 19:01:42.348781 MAPE (test): 0.09601013647901427
INFO:root:Changing components for PCA
INFO:root:2023-08-16 19:01:58.162115 MAPE (train): 0.0946368875938466
INFO:root:2023-08-16 19:01:58.162115 MAPE (test): 0.09438437270047442
INFO:root:Reset Principal Component Analysis (PCA)
INFO:root:2023-08-16 19:02:38.631887 MAPE (train): 0.0874206418855335
INFO:root:2023-08-16 19:02:38.631887 MAPE (test): 0.08673859110333747
INFO:root:Add KFold
INFO:root:2023-08-21 19:02:40.315391 MAPE (train): 0.08730589134748734
INFO:root:2023-08-21 19:02:40.315391 MAPE (test): 0.08767496344274026
INFO:root:Drop TV and Music_type
INFO:root:2023-09-20 19:21:56.612803 MAPE (train): 0.08731176376065039
INFO:root:2023-09-20 19:21:56.612803 MAPE (test): 0.08767467258091663
INFO:root:Drop TV
INFO:root:2023-09-20 19:28:02.673894 MAPE (train): 0.0872983303414703
INFO:root:2023-09-20 19:28:02.673894 MAPE (test): 0.0876666204883114
